<?xml version="1.0" encoding="UTF-8"?>
<!-- Generated by org.testng.reporters.JUnitXMLReporter -->
<testsuite hostname="nitin-PC" ignored="0" name="Default test" tests="3" failures="0" timestamp="2024-05-29T16:02:14 IST" time="223.733" errors="0">
  <testcase name="submitOrder" time="16.703" classname="rahulshettyacademy.tests.SubmitOrderTest"/>
  <testcase name="submitOrder" time="4.289" classname="rahulshettyacademy.tests.SubmitOrderTest"/>
  <testcase name="OrderHistoryTest" time="1.591" classname="rahulshettyacademy.tests.SubmitOrderTest"/>
</testsuite> <!-- Default test -->
