<?xml version="1.0" encoding="UTF-8"?>
<!-- Generated by org.testng.reporters.JUnitXMLReporter -->
<testsuite hostname="nitin-PC" ignored="0" name="Error validations Test" tests="3" failures="1" timestamp="2024-05-29T17:45:35 IST" time="42.361" errors="0">
  <testcase name="LoginErrorValidation" time="0.461" classname="rahulshettyacademy.tests.ErrorValidationsTest">
    <skipped/>
  </testcase> <!-- LoginErrorValidation -->
  <testcase name="LoginErrorValidation" time="1.172" classname="rahulshettyacademy.tests.ErrorValidationsTest">
    <failure type="junit.framework.ComparisonFailure" message="expected:&amp;lt;......&amp;gt; but was:&amp;lt;...or ...&amp;gt;">
      <![CDATA[junit.framework.ComparisonFailure: expected:<......> but was:<...or ...>
at junit.framework.Assert.assertEquals(Assert.java:81)
at junit.framework.Assert.assertEquals(Assert.java:87)
at rahulshettyacademy.tests.ErrorValidationsTest.LoginErrorValidation(ErrorValidationsTest.java:29)
at java.util.ArrayList.forEach(Unknown Source)
... Removed 27 stack frames]]>
    </failure>
  </testcase> <!-- LoginErrorValidation -->
  <testcase name="ProductErrorValidation" time="2.141" classname="rahulshettyacademy.tests.ErrorValidationsTest"/>
</testsuite> <!-- Error validations Test -->
