<?xml version="1.0" encoding="UTF-8"?>
<!-- Generated by org.testng.reporters.JUnitXMLReporter -->
<testsuite hostname="nitin-PC" ignored="0" name="Submit Order Test" tests="3" failures="0" timestamp="2024-05-29T17:44:53 IST" time="43.589" errors="0">
  <testcase name="submitOrder" time="3.888" classname="rahulshettyacademy.tests.SubmitOrderTest"/>
  <testcase name="submitOrder" time="4.099" classname="rahulshettyacademy.tests.SubmitOrderTest"/>
  <testcase name="OrderHistoryTest" time="0.94" classname="rahulshettyacademy.tests.SubmitOrderTest"/>
</testsuite> <!-- Submit Order Test -->
